[2472781:2472781:0730/170254.882177:TALON_WARNING:talon/components/navigation_throttle/talon_navigation_throttle.cc:173] TalonNavigationThrottle::MaybeCreateThrottleFor - Not creating throttle, Navigation Events are not listened by any listener
[2472781:2472781:0730/170255.333670:TALON_WARNING:talon/components/navigation_throttle/talon_navigation_throttle.cc:173] TalonNavigationThrottle::MaybeCreateThrottleFor - Not creating throttle, Navigation Events are not listened by any listener
[2472781:2472781:0730/170255.950431:TALON_WARNING:talon/components/navigation_throttle/talon_navigation_throttle.cc:173] TalonNavigationThrottle::MaybeCreateThrottleFor - Not creating throttle, Navigation Events are not listened by any listener
[2472781:2472781:0730/170257.614657:TALON_WARNING:talon/components/navigation_throttle/talon_navigation_throttle.cc:173] TalonNavigationThrottle::MaybeCreateThrottleFor - Not creating throttle, Navigation Events are not listened by any listener
[2472781:2472781:0730/170257.735338:TALON_WARNING:talon/components/navigation_throttle/talon_navigation_throttle.cc:173] TalonNavigationThrottle::MaybeCreateThrottleFor - Not creating throttle, Navigation Events are not listened by any listener
[2472781:2472781:0730/170257.979335:TALON_WARNING:talon/components/navigation_throttle/talon_navigation_throttle.cc:173] TalonNavigationThrottle::MaybeCreateThrottleFor - Not creating throttle, Navigation Events are not listened by any listener
[2472781:2472781:0730/170259.761923:TALON_WARNING:talon/components/navigation_throttle/talon_navigation_throttle.cc:173] TalonNavigationThrottle::MaybeCreateThrottleFor - Not creating throttle, Navigation Events are not listened by any listener
[2472781:2472781:0730/170259.987512:TALON_WARNING:talon/components/navigation_throttle/talon_navigation_throttle.cc:173] TalonNavigationThrottle::MaybeCreateThrottleFor - Not creating throttle, Navigation Events are not listened by any listener
[2472781:2472781:0730/170300.501857:TALON_WARNING:talon/components/navigation_throttle/talon_navigation_throttle.cc:173] TalonNavigationThrottle::MaybeCreateThrottleFor - Not creating throttle, Navigation Events are not listened by any listener
[2472781:2472781:0730/170300.984497:TALON_WARNING:talon/components/navigation_throttle/talon_navigation_throttle.cc:173] TalonNavigationThrottle::MaybeCreateThrottleFor - Not creating throttle, Navigation Events are not listened by any listener
[2472781:2472781:0730/170304.383012:TALON_WARNING:talon/components/navigation_throttle/talon_navigation_throttle.cc:173] TalonNavigationThrottle::MaybeCreateThrottleFor - Not creating throttle, Navigation Events are not listened by any listener
[2472781:2472781:0730/170304.795469:TALON_WARNING:talon/components/navigation_throttle/talon_navigation_throttle.cc:173] TalonNavigationThrottle::MaybeCreateThrottleFor - Not creating throttle, Navigation Events are not listened by any listener
[2472781:2472781:0730/170304.919496:TALON_WARNING:talon/components/navigation_throttle/talon_navigation_throttle.cc:173] TalonNavigationThrottle::MaybeCreateThrottleFor - Not creating throttle, Navigation Events are not listened by any listener
[2472781:2472781:0730/170305.728290:TALON_WARNING:talon/components/talon_profile/talon_profile_service_impl.cc:261] profile already not hidden when `bind` invoked
[2472781:2472781:0730/170305.728329:TALON_WARNING:talon/components/talon_profile/talon_profile_service_impl.cc:267] profile already not ephemeral when `bind` invoked
[2472781:2472781:0730/170305.728338:TALON_INFO:talon/components/talon_profile/talon_profile_service_impl.cc:270] Successfuly bound profile to id: f3e4127c-e489-4235-927d-9a70305b3482
[2472781:2472781:0730/170305.729186:TALON_INFO:talon/components/talon_profile/talon_profile_service_impl.cc:220] Profile email changed, updating Datadog extension
[2472781:2472781:0730/170306.008412:TALON_INFO:talon/components/talon_account/talon_account_service_impl.cc:81] Profile email changed, updating Datadog extension
[2472781:2472816:0730/170306.479304:TALON_ERROR:talon/browser/sharing/talon_jwt_util.cc:287] Failed to read JWT file
[2472781:2472816:0730/170306.479378:TALON_ERROR:talon/browser/extensions/external_bundled_loader.cc:152] Failed to deserialize prefs
[2472781:2472816:0730/170306.479525:TALON_ERROR:talon/browser/sharing/talon_jwt_util.cc:287] Failed to read JWT file
[2472781:2472816:0730/170306.479553:TALON_ERROR:talon/browser/extensions/external_bundled_loader.cc:152] Failed to deserialize prefs
[2472781:2472816:0730/170306.479752:TALON_ERROR:talon/browser/sharing/talon_jwt_util.cc:287] Failed to read JWT file
[2472781:2472816:0730/170306.479778:TALON_ERROR:talon/browser/extensions/external_bundled_loader.cc:152] Failed to deserialize prefs
[2472781:2472816:0730/170306.479959:TALON_ERROR:talon/browser/sharing/talon_jwt_util.cc:287] Failed to read JWT file
[2472781:2472816:0730/170306.479968:TALON_ERROR:talon/browser/extensions/external_bundled_loader.cc:152] Failed to deserialize prefs
[2472781:2472781:0730/170306.572901:TALON_INFO:talon/browser/startup/delegates/talon_startup_wizard_delegate.cc:141] Destroying wizard
[2472781:2472781:0730/170306.572975:TALON_INFO:talon/browser/startup/delegates/talon_startup_wizard_delegate.cc:85] Wizard closed
[2472781:2472781:0730/170306.630417:TALON_INFO:talon/browser/startup/delegates/talon_startup_extensions_delegate.cc:154] Startup is allowed
[2472781:2472781:0730/170306.630463:TALON_INFO:talon/browser/startup/delegates/talon_startup_extensions_delegate.cc:80] Allowing startup because it was allowed by the extension
[2472781:2472781:0730/170306.630476:TALON_INFO:talon/browser/startup/talon_startup_service_impl.cc:286] Changing state from Pending (0x2) to Ready (0x4)
[2472781:2472781:0730/170306.630495:TALON_INFO:talon/browser/startup/delegates/talon_startup_browsers_delegate.cc:156] Browser has been relaunched 20830ms after the application's startup.
[2472781:2472781:0730/170306.630648:TALON_INFO:talon/browser/startup/delegates/talon_startup_browsers_delegate.cc:119] Launching browser now
[2472781:2472781:0730/170306.660353:TALON_INFO:talon/browser/startup/delegates/talon_startup_browsers_delegate.cc:87] Showing browsers
[2472781:2472781:0730/170306.660381:TALON_INFO:talon/browser/startup/delegates/talon_startup_captive_portal_delegate.cc:26] Disabling captive portal detection
[2472781:2472781:0730/170306.660387:TALON_INFO:talon/browser/startup/delegates/talon_startup_extensions_delegate.cc:211] Unblocking non-Talon extensions
[2472781:2472781:0730/170306.660393:TALON_INFO:talon/browser/startup/delegates/talon_startup_keepalive_delegate.cc:48] Destroying keep-alives
[2472781:2472781:0730/170306.667687:TALON_WARNING:talon/components/talon_sync/talon_sync_service_impl.cc:126] Trying to set sync server url when the sync engine is not initialized
[2472781:2472781:0730/170306.678512:TALON_INFO:talon/components/bookmarks/talon_bookmarks_model.cc:95] changing bookmark node immutability to Immutable. Node id: 5
[2472781:2472819:0730/170306.908984:ERROR:google_apis/gcm/engine/registration_request.cc:291] Registration response error message: DEPRECATED_ENDPOINT
[2472781:2472781:0730/170306.966404:ERROR:extensions/browser/extension_host.cc:486] Received EventAck for extension gdhaibkimkeghllnpodfpoamchapggea for an unknown event.
[2472781:2472813:0730/170315.918970:INFO:chrome/browser/extensions/extension_garbage_collector.cc:184] Garbage collection for extensions on file thread is complete.
[2472781:2472819:0730/170334.060253:ERROR:google_apis/gcm/engine/registration_request.cc:291] Registration response error message: DEPRECATED_ENDPOINT
[2472781:2472813:0730/170336.570056:TALON_ERROR:talon/components/device_posture/device_posture_utils.cc:160] Failed to get CS ZTA file path
[2472781:2472781:0730/170339.390156:TALON_INFO:talon/browser/startup/delegates/talon_startup_keepalive_delegate.cc:48] Destroying keep-alives
[2472781:2472781:0730/170339.390187:TALON_WARNING:talon/browser/startup/delegates/talon_startup_keepalive_delegate.cc:51] No keep-alives to destroy.
